----------------------------------------------------------------------------------------
Springboot logs for the app execution shown in demo video (/DemoVideo/CovMate_Demo.MP4)
----------------------------------------------------------------------------------------
2021-08-31 12:13:11.642  INFO 5688 --- [nio-4567-exec-1] o.a.c.c.C.[Tomcat].[localhost].[/]       : Initializing Spring DispatcherServlet 'dispatcherServlet'
2021-08-31 12:13:11.642  INFO 5688 --- [nio-4567-exec-1] o.s.web.servlet.DispatcherServlet        : Initializing Servlet 'dispatcherServlet'
2021-08-31 12:13:11.647  INFO 5688 --- [nio-4567-exec-1] o.s.web.servlet.DispatcherServlet        : Completed initialization in 4 ms
2021-08-31 12:13:11.680  INFO 5688 --- [nio-4567-exec-1] c.d.controller.DFCXWhatsAppController    : == START ==
2021-08-31 12:13:36.091  INFO 5688 --- [nio-4567-exec-2] c.d.controller.DFCXWhatsAppController    : == START ==
2021-08-31 12:13:36.091  INFO 5688 --- [nio-4567-exec-2] c.d.controller.DFCXWhatsAppController    : User input = I am feeling feverish
2021-08-31 12:13:36.091  INFO 5688 --- [nio-4567-exec-2] c.d.controller.DFCXWhatsAppController    : Language selected for detectIntent API = en-US
2021-08-31 12:13:36.092  INFO 5688 --- [nio-4567-exec-2] com.dialogflow.dfcx.DFCXDetectIntent     : detectIntentWhatsApp() - Start
2021-08-31 12:13:39.311  INFO 5688 --- [nio-4567-exec-2] com.dialogflow.dfcx.DFCXDetectIntent     : detectIntentWhatsApp() - playPrompt = ЁЯТК *COVID-19* vaccines may or may not have common side effects like ЁЯТЙ injection *site swelling and pain*, ЁЯМбя╕П  *fever* and *body pain*. This should go away in 2-3 days.
2021-08-31 12:13:39.311  INFO 5688 --- [nio-4567-exec-2] com.dialogflow.dfcx.DFCXDetectIntent     : detectIntentWhatsApp() - intent =sideeffects
2021-08-31 12:13:39.314  INFO 5688 --- [nio-4567-exec-2] com.dialogflow.dfcx.DFCXDetectIntent     : detectIntentWhatsApp() - End
2021-08-31 12:13:39.316  INFO 5688 --- [nio-4567-exec-2] c.d.controller.DFCXWhatsAppController    : Other intent detected
2021-08-31 12:14:11.983  INFO 5688 --- [nio-4567-exec-3] c.d.controller.DFCXWhatsAppController    : == START ==
2021-08-31 12:14:11.983  INFO 5688 --- [nio-4567-exec-3] c.d.controller.DFCXWhatsAppController    : User input = I want to lodge a complaint about cowin
2021-08-31 12:14:11.983  INFO 5688 --- [nio-4567-exec-3] c.d.controller.DFCXWhatsAppController    : Language selected for detectIntent API = en-US
2021-08-31 12:14:11.983  INFO 5688 --- [nio-4567-exec-3] com.dialogflow.dfcx.DFCXDetectIntent     : detectIntentWhatsApp() - Start
2021-08-31 12:14:14.103  INFO 5688 --- [nio-4567-exec-3] com.dialogflow.dfcx.DFCXDetectIntent     : detectIntentWhatsApp() - playPrompt = Please refer ЁЯЦея╕П https://prod-cdn.preprod.co-vin.in/assets/pdf/Grievance_Guidelines.pdf this manual, for step by step answers ЁЯСА
2021-08-31 12:14:14.103  INFO 5688 --- [nio-4567-exec-3] com.dialogflow.dfcx.DFCXDetectIntent     : detectIntentWhatsApp() - intent =grievance
2021-08-31 12:14:14.103  INFO 5688 --- [nio-4567-exec-3] com.dialogflow.dfcx.DFCXDetectIntent     : detectIntentWhatsApp() - End
2021-08-31 12:14:14.104  INFO 5688 --- [nio-4567-exec-3] c.d.controller.DFCXWhatsAppController    : Other intent detected
2021-08-31 12:15:00.503  INFO 5688 --- [nio-4567-exec-4] c.d.controller.DFCXWhatsAppController    : == START ==
2021-08-31 12:15:00.504  INFO 5688 --- [nio-4567-exec-4] c.d.controller.DFCXWhatsAppController    : User input = I want to download my vaccine certificate
2021-08-31 12:15:00.504  INFO 5688 --- [nio-4567-exec-4] c.d.controller.DFCXWhatsAppController    : Language selected for detectIntent API = en-US
2021-08-31 12:15:00.504  INFO 5688 --- [nio-4567-exec-4] com.dialogflow.dfcx.DFCXDetectIntent     : detectIntentWhatsApp() - Start
2021-08-31 12:15:02.251  INFO 5688 --- [nio-4567-exec-4] com.dialogflow.dfcx.DFCXDetectIntent     : detectIntentWhatsApp() - playPrompt = тЪбSure. For authentication, we have sent *OTP* on your *CoWin* registered ЁЯУ▓ mobile number.
2021-08-31 12:15:02.251  INFO 5688 --- [nio-4567-exec-4] com.dialogflow.dfcx.DFCXDetectIntent     : detectIntentWhatsApp() - intent =download
2021-08-31 12:15:02.252  INFO 5688 --- [nio-4567-exec-4] com.dialogflow.dfcx.DFCXDetectIntent     : detectIntentWhatsApp() - End
2021-08-31 12:15:02.252  INFO 5688 --- [nio-4567-exec-4] c.d.controller.DFCXWhatsAppController    : 2. Download intent detected, sending OTP now
2021-08-31 12:15:02.709  INFO 5688 --- [nio-4567-exec-4] com.dialogflow.service.CowinService      : CowinService.generateOTPWhatsApp(), mobile = 9834143672
2021-08-31 12:15:02.711  INFO 5688 --- [nio-4567-exec-4] com.dialogflow.service.CowinService      : CowinService.generateOTPWhatsApp(), requestEntity = {"mobile": "9834143672"}
2021-08-31 12:15:03.886  INFO 5688 --- [nio-4567-exec-4] com.dialogflow.service.CowinService      : CowinService.generateOTPWhatsApp(), response = {"txnId":"9f7a61bf-a1be-43c1-ad6f-a539fa2e5e58"}
2021-08-31 12:15:18.314  INFO 5688 --- [nio-4567-exec-5] c.d.controller.DFCXWhatsAppController    : == START ==
2021-08-31 12:15:18.314  INFO 5688 --- [nio-4567-exec-5] c.d.controller.DFCXWhatsAppController    : User input = 145003
2021-08-31 12:15:18.314  INFO 5688 --- [nio-4567-exec-5] c.d.controller.DFCXWhatsAppController    : Language selected for detectIntent API = en-US
2021-08-31 12:15:18.315  INFO 5688 --- [nio-4567-exec-5] com.dialogflow.dfcx.DFCXDetectIntent     : detectIntentWhatsApp() - Start
2021-08-31 12:15:20.240  INFO 5688 --- [nio-4567-exec-5] com.dialogflow.dfcx.DFCXDetectIntent     : detectIntentWhatsApp() - playPrompt = Can you say that again?
2021-08-31 12:15:20.240  INFO 5688 --- [nio-4567-exec-5] com.dialogflow.dfcx.DFCXDetectIntent     : detectIntentWhatsApp() - intent =
2021-08-31 12:15:20.241  INFO 5688 --- [nio-4567-exec-5] com.dialogflow.dfcx.DFCXDetectIntent     : detectIntentWhatsApp() - End
2021-08-31 12:15:20.241  INFO 5688 --- [nio-4567-exec-5] c.d.controller.DFCXWhatsAppController    : 3. OTP received, asking for beneficiary id now
2021-08-31 12:15:20.249  INFO 5688 --- [nio-4567-exec-5] com.dialogflow.service.CowinService      : CowinService.validateOTP(), requestEntity = com.dialogflow.model.ConfirmOTPRequest@55196770
2021-08-31 12:15:20.456  INFO 5688 --- [nio-4567-exec-5] com.dialogflow.service.CowinService      : CowinService.validateOTP(), response = {"token":"eyJhbGciOiJIUzI1NiIsInR5cCI6IkpXVCJ9.eyJ1c2VyX25hbWUiOiJhYzEzY2Q2OC03ODM0LTQ4MjgtYjUyOC1hMDA2ZjBjNWM0M2EiLCJ1c2VyX3R5cGUiOiJCRU5FRklDSUFSWSIsInVzZXJfaWQiOiJhYzEzY2Q2OC03ODM0LTQ4MjgtYjUyOC1hMDA2ZjBjNWM0M2EiLCJtb2JpbGVfbnVtYmVyIjo5ODM0MTQzNjcyLCJiZW5lZmljaWFyeV9yZWZlcmVuY2VfaWQiOjg2NzM1Nzc2NzU0NTIwLCJ0eG5JZCI6IjlmN2E2MWJmLWExYmUtNDNjMS1hZDZmLWE1MzlmYTJlNWU1OCIsImlhdCI6MTYzMDM5MjMxNiwiZXhwIjoxNjMwMzkzMjE2fQ.GaMCPt5LG_bgSv5s09Tl-w_bJmKx93lvcdZZTRQD1-w"}
2021-08-31 12:15:46.669  INFO 5688 --- [nio-4567-exec-6] c.d.controller.DFCXWhatsAppController    : == START ==
2021-08-31 12:15:46.669  INFO 5688 --- [nio-4567-exec-6] c.d.controller.DFCXWhatsAppController    : User input = 86735776754520
2021-08-31 12:15:46.669  INFO 5688 --- [nio-4567-exec-6] c.d.controller.DFCXWhatsAppController    : Language selected for detectIntent API = en-US
2021-08-31 12:15:46.670  INFO 5688 --- [nio-4567-exec-6] com.dialogflow.dfcx.DFCXDetectIntent     : detectIntentWhatsApp() - Start
2021-08-31 12:15:48.417  INFO 5688 --- [nio-4567-exec-6] com.dialogflow.dfcx.DFCXDetectIntent     : detectIntentWhatsApp() - playPrompt = I missed that, say that again?
2021-08-31 12:15:48.418  INFO 5688 --- [nio-4567-exec-6] com.dialogflow.dfcx.DFCXDetectIntent     : detectIntentWhatsApp() - intent =
2021-08-31 12:15:48.418  INFO 5688 --- [nio-4567-exec-6] com.dialogflow.dfcx.DFCXDetectIntent     : detectIntentWhatsApp() - End
2021-08-31 12:15:48.419  INFO 5688 --- [nio-4567-exec-6] c.d.controller.DFCXWhatsAppController    : 4. Beneficiary id received, downloading certificate now
2021-08-31 12:15:48.420  INFO 5688 --- [nio-4567-exec-6] com.dialogflow.service.CowinService      : CowinService.downloadCertificate(), url == https://cdn-api.co-vin.in/api/v2/registration/certificate/public/download?beneficiary_reference_id=86735776754520
2021-08-31 12:15:54.606  INFO 5688 --- [nio-4567-exec-6] com.dialogflow.service.CowinService      : CowinService.downloadCertificate(), src file: /Users/pritisharma/git/dfcx-whatsapp-integration/Cert_86735776754520.pdf
2021-08-31 12:15:54.606  INFO 5688 --- [nio-4567-exec-6] com.dialogflow.service.CowinService      : CowinService.downloadCertificate(), dest file: /Users/pritisharma/git/dfcx-whatsapp-integration/target/classes/static/Cert_86735776754520.pdf
2021-08-31 12:15:54.617  INFO 5688 --- [nio-4567-exec-6] com.dialogflow.service.CowinService      : CowinService.downloadCertificate(), is file copied to destination? --> true
2021-08-31 12:15:54.618  INFO 5688 --- [nio-4567-exec-6] com.dialogflow.service.CowinService      : CowinService.downloadCertificate(), is source file deleted? --> false
2021-08-31 12:15:54.618  INFO 5688 --- [nio-4567-exec-6] com.dialogflow.service.CowinService      : files--null
2021-08-31 12:15:56.563  INFO 5688 --- [nio-4567-exec-6] c.d.controller.DFCXWhatsAppController    : 5. Download complete!
2021-08-31 12:16:27.614  INFO 5688 --- [nio-4567-exec-8] c.d.controller.DFCXWhatsAppController    : == START ==
2021-08-31 12:16:36.741  INFO 5688 --- [nio-4567-exec-9] c.d.controller.DFCXWhatsAppController    : == START ==
2021-08-31 12:16:36.741  INFO 5688 --- [nio-4567-exec-9] c.d.controller.DFCXWhatsAppController    : User input = 2
2021-08-31 12:16:36.741  INFO 5688 --- [nio-4567-exec-9] c.d.controller.DFCXWhatsAppController    : 1. Inside language selection
2021-08-31 12:16:37.188  INFO 5688 --- [nio-4567-exec-9] c.d.controller.DFCXWhatsAppController    : Inside language selection, language selected = hi-IN
2021-08-31 12:17:19.682  INFO 5688 --- [io-4567-exec-10] c.d.controller.DFCXWhatsAppController    : == START ==
2021-08-31 12:17:19.684  INFO 5688 --- [io-4567-exec-10] c.d.controller.DFCXWhatsAppController    : User input = рдореБрдЭреЗ рд╕рд░рджрд░реНрдж рд╣реИ, рдореИрдВ рдХреНрдпрд╛ рдХрд░реВрдБ
2021-08-31 12:17:19.684  INFO 5688 --- [io-4567-exec-10] c.d.controller.DFCXWhatsAppController    : Language selected for detectIntent API = hi-IN
2021-08-31 12:17:19.685  INFO 5688 --- [io-4567-exec-10] com.dialogflow.dfcx.DFCXDetectIntent     : detectIntentWhatsApp() - Start
2021-08-31 12:17:21.322  INFO 5688 --- [io-4567-exec-10] com.dialogflow.dfcx.DFCXDetectIntent     : detectIntentWhatsApp() - playPrompt = ЁЯТК *COVID-19* рдЯреАрдХреЛрдВ рдХреЗ рд╕рд╛рдорд╛рдиреНрдп рджреБрд╖реНрдкреНрд░рднрд╛рд╡ рд╣реЛ рднреА рд╕рдХрддреЗ рд╣реИрдВ рдпрд╛ рдирд╣реАрдВ рднреА рд╣реЛ рд╕рдХрддреЗ рд╣реИрдВ рдЬреИрд╕реЗ ЁЯТЙ рдЗрдВрдЬреЗрдХреНрд╢рди *рд╕рд╛рдЗрдЯ рдкрд░ рд╕реВрдЬрди рдФрд░ рджрд░реНрдж*, я╕ПЁЯМбя╕П *рдмреБрдЦрд╛рд░* рдФрд░ *рд╢рд░реАрд░ рдореЗрдВ рджрд░реНрдж* ред рдпрд╣ 2-3 рджрд┐рдиреЛрдВ рдореЗрдВ рджреВрд░ рд╣реЛ рдЬрд╛рдирд╛ рдЪрд╛рд╣рд┐рдПред 3 рджрд┐рди рддрдХ рджрд░реНрдж рдХреЗ рд▓рд┐рдП рдкрд░реЗрд╢рд╛рди рд╣реЛрдиреЗ рдХреА рдЬрд░реВрд░рдд рдирд╣реАрдВ рд╣реИред
2021-08-31 12:17:21.323  INFO 5688 --- [io-4567-exec-10] com.dialogflow.dfcx.DFCXDetectIntent     : detectIntentWhatsApp() - intent =sideeffects
2021-08-31 12:17:21.323  INFO 5688 --- [io-4567-exec-10] com.dialogflow.dfcx.DFCXDetectIntent     : detectIntentWhatsApp() - End
2021-08-31 12:17:21.324  INFO 5688 --- [io-4567-exec-10] c.d.controller.DFCXWhatsAppController    : Other intent detected
2021-08-31 12:18:09.733  INFO 5688 --- [nio-4567-exec-1] c.d.controller.DFCXWhatsAppController    : == START ==
2021-08-31 12:18:09.733  INFO 5688 --- [nio-4567-exec-1] c.d.controller.DFCXWhatsAppController    : User input = рдореБрдЭреЗ рдХреЛрд╡рд┐рди рдХреЗ рдмрд╛рд░реЗ рдореЗрдВ рдЬрд╛рдирдХрд╛рд░реА рдЪрд╛рд╣рд┐рдП
2021-08-31 12:18:09.733  INFO 5688 --- [nio-4567-exec-1] c.d.controller.DFCXWhatsAppController    : Language selected for detectIntent API = hi-IN
2021-08-31 12:18:09.733  INFO 5688 --- [nio-4567-exec-1] com.dialogflow.dfcx.DFCXDetectIntent     : detectIntentWhatsApp() - Start
2021-08-31 12:18:11.591  INFO 5688 --- [nio-4567-exec-1] com.dialogflow.dfcx.DFCXDetectIntent     : detectIntentWhatsApp() - playPrompt = рдЖрдкрдХреА рд╕реБрд╡рд┐рдзрд╛ рдХреЗ рд▓рд┐рдП рдЗрд╕рдХрд╛ рдЙрдкрдпреЛрдЧ рдХрд░реЗрдВ: ЁЯУб
a)ЁЯУЮ рд╣реЗрд▓реНрдкрд▓рд╛рдЗрди рдирдВрдмрд░: *+91-11-23978046* (тШОя╕ПрдЯреЛрд▓ рдлреНрд░реА - *1075*)
b)ЁЯУЮ рддрдХрдиреАрдХреА рд╣реЗрд▓реНрдкрд▓рд╛рдЗрди рдирдВрдмрд░: *0120-4473222*
c) ЁЯУЮрдмрдЪреНрдЪрд╛: *1098*
d)ЁЯУЮ рдорд╛рдирд╕рд┐рдХ рд╕реНрд╡рд╛рд╕реНрдереНрдп: *08046110007*
e) ЁЯУЮрд╡рд░рд┐рд╖реНрда рдирд╛рдЧрд░рд┐рдХ: *14567*
рдЕрдзрд┐рдХ рд╕рд▓рд╛рд╣ рдХреЗ рд▓рд┐рдП рдЖрдк рдЙрд╕ ЁЯПе рдЯреАрдХрд╛рдХрд░рдг рдХреЗрдВрджреНрд░(vaccination centre) рд╕реЗ рднреА рд╕рдВрдкрд░реНрдХ рдХрд░ рд╕рдХрддреЗ рд╣реИрдВ рдЬрд╣рд╛рдВ рдЖрдкрдиреЗ рдЯреАрдХрд╛рдХрд░рдг рдХрд┐рдпрд╛ рдерд╛ред
2021-08-31 12:18:11.591  INFO 5688 --- [nio-4567-exec-1] com.dialogflow.dfcx.DFCXDetectIntent     : detectIntentWhatsApp() - intent =contactus
2021-08-31 12:18:11.592  INFO 5688 --- [nio-4567-exec-1] com.dialogflow.dfcx.DFCXDetectIntent     : detectIntentWhatsApp() - End